<?xml version="1.0" encoding="UTF-8"?>
<!-- Generated by org.testng.reporters.JUnitXMLReporter -->
<testsuite ignored="0" hostname="LTIN275168" failures="0" tests="6" name="Chrome Test" time="66.757" errors="0" timestamp="2024-03-19T16:10:06 IST">
  <testcase classname="testCases.TestCases" name="closeWelcomePopUp" time="5.727"/>
  <testcase classname="testCases.TestCases" name="locationInput" time="4.885"/>
  <testcase classname="testCases.TestCases" name="searchCarWashService" time="4.386"/>
  <testcase classname="testCases.TestCases" name="getCarWashingServiceandPhone" time="12.573"/>
  <testcase classname="testCases.TestCases" name="freeListingValidation" time="4.647"/>
  <testcase classname="testCases.TestCases" name="getGymSubMenuList" time="9.966"/>
</testsuite> <!-- Chrome Test -->
