<?xml version="1.0" encoding="UTF-8"?>
<!-- Generated by org.testng.reporters.JUnitXMLReporter -->
<testsuite ignored="0" hostname="LTIN273654" failures="0" tests="6" name="Test" time="79.115" errors="0" timestamp="2024-02-23T12:22:52 IST">
  <testcase classname="testCases.TestCases" name="closeWelcomePopUp" time="4.675"/>
  <testcase classname="testCases.TestCases" name="locationInput" time="4.954"/>
  <testcase classname="testCases.TestCases" name="searchCarWashService" time="4.444"/>
  <testcase classname="testCases.TestCases" name="getCarWashingServiceandPhone" time="10.718"/>
  <testcase classname="testCases.TestCases" name="freeListingValidation" time="5.247"/>
  <testcase classname="testCases.TestCases" name="getGymSubMenuList" time="29.678"/>
</testsuite> <!-- Test -->
