<?xml version="1.0" encoding="UTF-8"?>
<!-- Generated by org.testng.reporters.JUnitXMLReporter -->
<testsuite ignored="0" hostname="LTIN273654" failures="0" tests="6" name="Surefire test" time="0.094" errors="0" timestamp="2024-03-01T11:10:15 IST">
  <testcase classname="baseTest.BaseTest" name="@BeforeClass openUrl" time="-1.709271615449E9">
    <failure type="org.testng.TestNGException" message="
Parameter &amp;apos;os&amp;apos; is required by BeforeClass on method openUrl but has not been marked @Optional or defined
">
      <![CDATA[org.testng.TestNGException: 
Parameter 'os' is required by BeforeClass on method openUrl but has not been marked @Optional or defined

at java.base/java.util.ArrayList.forEach(ArrayList.java:1507)
... Removed 27 stack frames]]>
    </failure>
  </testcase> <!-- @BeforeClass openUrl -->
  <testcase classname="baseTest.BaseTest" name="@AfterClass closeBowser" time="0.0">
    <skipped/>
  </testcase> <!-- @AfterClass closeBowser -->
  <testcase classname="testCases.TestCases" name="closeWelcomePopUp" time="0.0">
    <skipped/>
  </testcase> <!-- closeWelcomePopUp -->
  <testcase classname="testCases.TestCases" name="locationInput" time="0.0">
    <skipped/>
  </testcase> <!-- locationInput -->
  <testcase classname="testCases.TestCases" name="searchCarWashService" time="0.0">
    <skipped/>
  </testcase> <!-- searchCarWashService -->
  <testcase classname="testCases.TestCases" name="getCarWashingServiceandPhone" time="0.0">
    <skipped/>
  </testcase> <!-- getCarWashingServiceandPhone -->
  <testcase classname="testCases.TestCases" name="freeListingValidation" time="0.0">
    <skipped/>
  </testcase> <!-- freeListingValidation -->
  <testcase classname="testCases.TestCases" name="getGymSubMenuList" time="0.0">
    <skipped/>
  </testcase> <!-- getGymSubMenuList -->
</testsuite> <!-- Surefire test -->
