<?xml version="1.0" encoding="UTF-8"?>
<!-- Generated by org.testng.reporters.JUnitXMLReporter -->
<testsuite ignored="0" hostname="LTIN275168" failures="0" tests="6" name="Chrome Test" time="59.592" errors="0" timestamp="2024-03-04T17:18:10 IST">
  <testcase classname="testCases.TestCases" name="closeWelcomePopUp" time="5.505"/>
  <testcase classname="testCases.TestCases" name="locationInput" time="3.239"/>
  <testcase classname="testCases.TestCases" name="searchCarWashService" time="3.033"/>
  <testcase classname="testCases.TestCases" name="getCarWashingServiceandPhone" time="10.951"/>
  <testcase classname="testCases.TestCases" name="freeListingValidation" time="3.321"/>
  <testcase classname="testCases.TestCases" name="getGymSubMenuList" time="7.206"/>
</testsuite> <!-- Chrome Test -->
