<?xml version="1.0" encoding="UTF-8"?>
<testsuite xmlns:xsi="http://www.w3.org/2001/XMLSchema-instance" xsi:noNamespaceSchemaLocation="https://maven.apache.org/surefire/maven-surefire-plugin/xsd/surefire-test-report-3.0.xsd" version="3.0" name="TestSuite" time="62.138" tests="6" errors="0" skipped="0" failures="0">
  <properties>
[...]
</properties>
  <testcase name="closeWelcomePopUp" classname="testCases.TestCases" time="5.543">
    <system-err><![CDATA[SLF4J: Failed to load class "org.slf4j.impl.StaticLoggerBinder".
SLF4J: Defaulting to no-operation (NOP) logger implementation
SLF4J: See http://www.slf4j.org/codes.html#StaticLoggerBinder for further details.
Mar 04, 2024 5:17:29 PM org.openqa.selenium.devtools.CdpVersionFinder findNearestMatch
WARNING: Unable to find an exact match for CDP version 120, returning the closest version; found: 119; Please update to a Selenium version that supports CDP version 120
]]></system-err>
  </testcase>
  <testcase name="locationInput" classname="testCases.TestCases" time="3.239"/>
  <testcase name="searchCarWashService" classname="testCases.TestCases" time="3.03"/>
  <testcase name="getCarWashingServiceandPhone" classname="testCases.TestCases" time="10.951">
    <system-out><![CDATA[
Hunt Auto Detailing----07942680957----5.0----223 Ratings

The Detailing Mafia Ecr----07942680920----5.0----166 Ratings

Ar Auto Detailer----07947105051----4.9----658 Ratings

Futurex Car Care----07942680995----4.9----572 Ratings

Wheelz Auto Detailing----07947105194----4.9----535 Ratings
]]></system-out>
  </testcase>
  <testcase name="freeListingValidation" classname="testCases.TestCases" time="3.327">
    <system-out><![CDATA[
This Number has been Blocked for Signing Up

]]></system-out>
  </testcase>
  <testcase name="getGymSubMenuList" classname="testCases.TestCases" time="7.202">
    <system-out><![CDATA[Sort By
Amenities
Open Now
Top Rated
Quick Response
Jd Verified
Ratings
Jd Trust
All Filters
]]></system-out>
  </testcase>
</testsuite>