<?xml version="1.0" encoding="UTF-8"?>
<testng-results ignored="0" total="6" passed="6" failed="0" skipped="0">
  <reporter-output>
  </reporter-output>
  <suite started-at="2024-03-19T16:08:58 IST" name="Suite" finished-at="2024-03-19T16:10:05 IST" duration-ms="66757">
    <groups>
    </groups>
    <test started-at="2024-03-19T16:08:58 IST" name="Chrome Test" finished-at="2024-03-19T16:10:05 IST" duration-ms="66757">
      <class name="testCases.TestCases">
        <test-method is-config="true" signature="openUrl(java.lang.String,java.lang.String)[pri:0, instance:testCases.TestCases@548d708a]" started-at="2024-03-19T16:09:00 IST" name="openUrl" finished-at="2024-03-19T16:09:21 IST" duration-ms="21340" status="PASS">
          <params>
            <param index="0">
              <value>
                <![CDATA[windows]]>
              </value>
            </param>
            <param index="1">
              <value>
                <![CDATA[chrome]]>
              </value>
            </param>
          </params>
          <reporter-output>
          </reporter-output>
        </test-method> <!-- openUrl -->
        <test-method signature="closeWelcomePopUp()[pri:0, instance:testCases.TestCases@548d708a]" started-at="2024-03-19T16:09:21 IST" name="closeWelcomePopUp" finished-at="2024-03-19T16:09:27 IST" duration-ms="5727" status="PASS">
          <reporter-output>
          </reporter-output>
        </test-method> <!-- closeWelcomePopUp -->
        <test-method signature="locationInput()[pri:1, instance:testCases.TestCases@548d708a]" started-at="2024-03-19T16:09:27 IST" name="locationInput" finished-at="2024-03-19T16:09:32 IST" duration-ms="4885" status="PASS">
          <reporter-output>
          </reporter-output>
        </test-method> <!-- locationInput -->
        <test-method signature="searchCarWashService()[pri:2, instance:testCases.TestCases@548d708a]" started-at="2024-03-19T16:09:32 IST" name="searchCarWashService" finished-at="2024-03-19T16:09:36 IST" duration-ms="4386" status="PASS">
          <reporter-output>
          </reporter-output>
        </test-method> <!-- searchCarWashService -->
        <test-method signature="getCarWashingServiceandPhone()[pri:3, instance:testCases.TestCases@548d708a]" started-at="2024-03-19T16:09:36 IST" name="getCarWashingServiceandPhone" finished-at="2024-03-19T16:09:49 IST" duration-ms="12573" status="PASS">
          <reporter-output>
          </reporter-output>
        </test-method> <!-- getCarWashingServiceandPhone -->
        <test-method signature="freeListingValidation()[pri:4, instance:testCases.TestCases@548d708a]" started-at="2024-03-19T16:09:49 IST" name="freeListingValidation" finished-at="2024-03-19T16:09:53 IST" duration-ms="4647" status="PASS">
          <reporter-output>
          </reporter-output>
        </test-method> <!-- freeListingValidation -->
        <test-method signature="getGymSubMenuList()[pri:5, instance:testCases.TestCases@548d708a]" started-at="2024-03-19T16:09:53 IST" name="getGymSubMenuList" finished-at="2024-03-19T16:10:03 IST" duration-ms="9966" status="PASS">
          <reporter-output>
          </reporter-output>
        </test-method> <!-- getGymSubMenuList -->
        <test-method is-config="true" signature="closeBowser()[pri:0, instance:testCases.TestCases@548d708a]" started-at="2024-03-19T16:10:03 IST" name="closeBowser" finished-at="2024-03-19T16:10:05 IST" duration-ms="1518" status="PASS">
          <reporter-output>
          </reporter-output>
        </test-method> <!-- closeBowser -->
      </class> <!-- testCases.TestCases -->
    </test> <!-- Chrome Test -->
  </suite> <!-- Suite -->
</testng-results>
